Use mpi facilities Rk=1 Size=7
Use mpi facilities Rk=2 Size=7
Use mpi facilities Rk=3 Size=7
Use mpi facilities Rk=4 Size=7
Use mpi facilities Rk=5 Size=7
Use mpi facilities Rk=6 Size=7
Use mpi facilities Rk=0 Size=7
Read data from  /home1/scratch/jmdeloui/TAOS
Work with n=128
Work with ScatCov
SST STEP  [0, 7]
================================================
          START FOSCAT CONFIGURATION
================================================
================================================
          START FOSCAT CONFIGURATION
================================================
================================================
          START FOSCAT CONFIGURATION
================================================
================================================
          START FOSCAT CONFIGURATION
================================================
================================================
          START FOSCAT CONFIGURATION
================================================
================================================
          START FOSCAT CONFIGURATION
================================================
================================================
          START FOSCAT CONFIGURATION
================================================
chans option is deprecated after version 2.0.6. Please use Healpix option
Num GPUs Available:  0
chans option is deprecated after version 2.0.6. Please use Healpix option
============================================================
==                                                        ==
==                                                        ==
==     RUN ON GPU Rank 1 : CPU:0                          ==
==                                                        ==
==                                                        ==
============================================================
chans option is deprecated after version 2.0.6. Please use Healpix option
============================================================
==                                                        ==
==                                                        ==
==     RUN ON GPU Rank 2 : CPU:0                          ==
==                                                        ==
==                                                        ==
============================================================
chans option is deprecated after version 2.0.6. Please use Healpix option
============================================================
==                                                        ==
==                                                        ==
==     RUN ON GPU Rank 3 : CPU:0                          ==
==                                                        ==
==                                                        ==
============================================================
chans option is deprecated after version 2.0.6. Please use Healpix option
============================================================
==                                                        ==
==                                                        ==
==     RUN ON GPU Rank 4 : CPU:0                          ==
==                                                        ==
==                                                        ==
============================================================
chans option is deprecated after version 2.0.6. Please use Healpix option
============================================================
==                                                        ==
==                                                        ==
==     RUN ON GPU Rank 6 : CPU:0                          ==
==                                                        ==
==                                                        ==
============================================================
============================================================
==                                                        ==
==                                                        ==
==     RUN ON GPU Rank 0 : CPU:0                          ==
==                                                        ==
==                                                        ==
============================================================
chans option is deprecated after version 2.0.6. Please use Healpix option
============================================================
==                                                        ==
==                                                        ==
==     RUN ON GPU Rank 5 : CPU:0                          ==
==                                                        ==
==                                                        ==
============================================================
Create loss for time step  2
Create loss for time step  3
Create loss for time step  1
Create loss for time step  4
Create loss for time step  6
Create loss for time step  0
Create loss for time step  5
TIME STEP  0 7
rank=0 NbLoss=2
rank=5 NbLoss=1
rank=4 NbLoss=1
rank=1 NbLoss=1
rank=6 NbLoss=1
rank=2 NbLoss=1
rank=3 NbLoss=1
Work with MPI
Total number of loss  8
 Run on GPU CPU:0
 Run on GPU CPU:0
Itt 0 L=1.01e+05 (6.94e-14 8.07e+05 2.65e-08 3.08e-08 1.53e-07 9.03e-07 1.52e-13 1.62e-13 ) 107.830s 
Itt 1 L=5.67e+04 (0.0432 4.54e+05 0.0885 0.0946 0.103 0.106 0.105 0.102 ) 2.024s 
Itt 2 L=0.608 (0.315 0.00643 0.648 0.714 0.785 0.812 0.803 0.776 ) 0.393s 
Itt 3 L=0.607 (0.316 0.000999 0.648 0.714 0.786 0.812 0.804 0.777 ) 0.395s 
Itt 4 L=0.607 (0.316 0.000665 0.648 0.714 0.785 0.811 0.803 0.777 ) 0.779s 
Itt 5 L=0.606 (0.316 0.00216 0.647 0.712 0.783 0.809 0.801 0.777 ) 0.406s 
Itt 6 L=0.603 (0.318 0.0131 0.644 0.706 0.774 0.8 0.792 0.778 ) 0.387s 
Itt 7 L=0.596 (0.324 0.0477 0.637 0.688 0.751 0.775 0.768 0.779 ) 0.396s 
Itt 8 L=0.58 (0.337 0.123 0.621 0.647 0.697 0.718 0.714 0.783 ) 0.411s 
Itt 9 L=0.528 (0.369 0.34 0.57 0.524 0.539 0.546 0.548 0.791 ) 0.428s 
Itt 10 L=0.408 (0.338 0.909 0.419 0.264 0.223 0.202 0.204 0.703 ) 0.396s 
Itt 11 L=0.355 (0.299 0.754 0.37 0.218 0.192 0.197 0.209 0.599 ) 0.413s 
Itt 12 L=0.344 (0.298 0.659 0.37 0.219 0.195 0.204 0.217 0.593 ) 1.189s 
Itt 13 L=0.263 (0.304 0.0396 0.372 0.217 0.184 0.18 0.188 0.618 ) 0.409s 
Itt 14 L=0.258 (0.303 0.000121 0.371 0.216 0.185 0.182 0.19 0.614 ) 0.396s 
Itt 15 L=0.258 (0.303 8.42e-05 0.371 0.217 0.184 0.18 0.189 0.616 ) 0.429s 
Itt 16 L=0.257 (0.303 0.000194 0.371 0.217 0.184 0.18 0.188 0.616 ) 0.404s 
Itt 17 L=0.251 (0.296 0.00714 0.363 0.214 0.18 0.172 0.18 0.6 ) 0.403s 
Itt 18 L=0.238 (0.271 0.0294 0.337 0.207 0.177 0.168 0.173 0.542 ) 0.396s 
Itt 19 L=0.217 (0.217 0.0865 0.277 0.188 0.178 0.194 0.183 0.414 ) 0.406s 
Itt 20 L=0.199 (0.184 0.0898 0.229 0.164 0.175 0.232 0.198 0.319 ) 0.420s 
Itt 21 L=0.182 (0.188 0.0201 0.23 0.159 0.16 0.21 0.183 0.309 ) 0.401s 
Itt 22 L=0.177 (0.198 0.000137 0.242 0.162 0.149 0.186 0.172 0.309 ) 0.417s 
Itt 23 L=0.177 (0.197 7.91e-05 0.242 0.162 0.149 0.186 0.172 0.309 ) 0.401s 
Itt 24 L=0.177 (0.197 0.000136 0.241 0.162 0.15 0.185 0.172 0.31 ) 0.409s 
Itt 25 L=0.177 (0.196 0.000526 0.241 0.163 0.15 0.184 0.172 0.31 ) 0.423s 
Itt 26 L=0.176 (0.194 0.00332 0.239 0.163 0.15 0.178 0.17 0.31 ) 0.412s 
Itt 27 L=0.174 (0.191 0.0105 0.235 0.163 0.149 0.168 0.165 0.307 ) 0.402s 
Itt 28 L=0.168 (0.183 0.0268 0.226 0.163 0.146 0.15 0.156 0.296 ) 0.419s 
Itt 29 L=0.159 (0.169 0.0466 0.211 0.166 0.141 0.13 0.142 0.269 ) 0.403s 
Itt 30 L=0.15 (0.154 0.046 0.202 0.177 0.136 0.124 0.129 0.236 ) 0.408s 
Itt 31 L=0.144 (0.153 0.0101 0.194 0.179 0.133 0.123 0.126 0.232 ) 0.399s 
Itt 32 L=0.142 (0.158 0.000499 0.187 0.173 0.131 0.12 0.126 0.239 ) 0.415s 
Itt 33 L=0.142 (0.16 5.15e-05 0.185 0.17 0.131 0.119 0.126 0.242 ) 0.398s 
Itt 34 L=0.142 (0.161 5.79e-05 0.184 0.169 0.131 0.119 0.126 0.243 ) 0.410s 
Itt 35 L=0.141 (0.162 0.000265 0.183 0.166 0.13 0.118 0.127 0.245 ) 0.404s 
Itt 36 L=0.141 (0.164 0.000694 0.181 0.163 0.13 0.118 0.127 0.246 ) 0.407s 
Itt 37 L=0.14 (0.165 0.00176 0.179 0.158 0.129 0.117 0.128 0.247 ) 0.400s 
Itt 38 L=0.137 (0.164 0.00963 0.171 0.142 0.123 0.115 0.127 0.242 ) 0.408s 
Itt 39 L=0.132 (0.156 0.0261 0.164 0.131 0.116 0.111 0.123 0.227 ) 0.406s 
Itt 40 L=0.124 (0.145 0.0204 0.156 0.128 0.111 0.107 0.118 0.207 ) 0.400s 
Itt 41 L=0.116 (0.12 0.0451 0.134 0.127 0.112 0.115 0.11 0.168 ) 0.394s 
Itt 42 L=0.111 (0.116 0.00586 0.128 0.123 0.114 0.129 0.108 0.161 ) 0.400s 
Itt 43 L=0.11 (0.117 3.79e-05 0.13 0.122 0.112 0.126 0.108 0.163 ) 0.396s 
Itt 44 L=0.11 (0.117 3.16e-05 0.13 0.122 0.112 0.126 0.108 0.163 ) 0.406s 
Itt 45 L=0.11 (0.118 0.000185 0.131 0.121 0.111 0.125 0.108 0.164 ) 0.404s 
Itt 46 L=0.11 (0.118 0.00049 0.131 0.12 0.11 0.124 0.108 0.165 ) 0.403s 
Itt 47 L=0.109 (0.118 0.00089 0.131 0.119 0.109 0.123 0.107 0.165 ) 0.430s 
Itt 48 L=0.105 (0.118 0.00691 0.126 0.112 0.101 0.11 0.103 0.164 ) 0.399s 
Itt 49 L=0.103 (0.118 0.0128 0.12 0.108 0.0969 0.103 0.1 0.164 ) 0.399s 
Itt 50 L=0.101 (0.121 0.00315 0.115 0.105 0.0952 0.101 0.0995 0.166 ) 0.414s 
Itt 51 L=0.1 (0.12 0.00034 0.115 0.104 0.0949 0.102 0.0996 0.164 ) 0.399s 
Itt 52 L=0.1 (0.12 5.99e-05 0.115 0.104 0.0948 0.102 0.0997 0.164 ) 0.398s 
Itt 53 L=0.1 (0.121 4.26e-05 0.115 0.104 0.0948 0.102 0.0998 0.164 ) 0.440s 
Itt 54 L=0.0999 (0.121 8.84e-05 0.115 0.104 0.0947 0.101 0.0998 0.164 ) 0.422s 
Itt 55 L=0.0999 (0.121 0.000262 0.115 0.103 0.0946 0.1 0.0999 0.164 ) 0.433s 
Itt 56 L=0.0998 (0.121 0.000431 0.116 0.103 0.0944 0.099 0.1 0.164 ) 0.387s 
Itt 57 L=0.0997 (0.121 0.000119 0.116 0.103 0.0944 0.0984 0.1 0.164 ) 0.398s 
Itt 58 L=0.0996 (0.121 5.76e-05 0.116 0.103 0.0944 0.0983 0.1 0.164 ) 0.392s 
Itt 59 L=0.0996 (0.121 0.000123 0.116 0.103 0.0945 0.0982 0.1 0.164 ) 0.394s 
Itt 60 L=0.0996 (0.121 0.000226 0.116 0.103 0.0946 0.0981 0.1 0.164 ) 0.399s 
Itt 61 L=0.0994 (0.12 0.00047 0.116 0.103 0.0947 0.0979 0.0999 0.163 ) 0.403s 
Itt 62 L=0.0992 (0.119 0.000977 0.117 0.104 0.0949 0.0977 0.0997 0.161 ) 0.405s 
Itt 63 L=0.0988 (0.117 0.00128 0.118 0.104 0.0951 0.0973 0.0994 0.159 ) 0.400s 
Itt 64 L=0.098 (0.113 0.00227 0.12 0.105 0.0954 0.0967 0.0986 0.154 ) 0.398s 
Itt 65 L=0.0973 (0.111 0.000781 0.12 0.105 0.0953 0.0964 0.0981 0.151 ) 0.398s 
Itt 66 L=0.0969 (0.111 0.000317 0.12 0.105 0.0951 0.0962 0.0978 0.15 ) 0.416s 
Itt 67 L=0.0968 (0.111 0.000107 0.12 0.105 0.0951 0.0964 0.0977 0.15 ) 0.424s 
Itt 68 L=0.0967 (0.111 9.07e-05 0.119 0.105 0.095 0.0965 0.0976 0.149 ) 0.400s 
Itt 69 L=0.0966 (0.111 0.000303 0.119 0.105 0.0949 0.0968 0.0974 0.149 ) 0.406s 
Itt 70 L=0.0963 (0.11 0.00109 0.117 0.104 0.0946 0.0977 0.0967 0.148 ) 0.413s 
Itt 71 L=0.0958 (0.109 0.00185 0.116 0.102 0.094 0.0997 0.0957 0.148 ) 0.409s 
Itt 72 L=0.0955 (0.109 0.00137 0.115 0.101 0.0937 0.101 0.0949 0.147 ) 0.771s 
Itt 73 L=0.0953 (0.108 0.000261 0.115 0.101 0.0936 0.102 0.0946 0.147 ) 0.397s 
Itt 74 L=0.0952 (0.108 0.000126 0.116 0.101 0.0936 0.101 0.0944 0.147 ) 0.397s 
Itt 75 L=0.0951 (0.108 0.000245 0.116 0.101 0.0935 0.101 0.0943 0.147 ) 0.402s 
Itt 76 L=0.0949 (0.107 0.000786 0.116 0.101 0.0934 0.0998 0.0939 0.147 ) 0.424s 
Itt 77 L=0.0947 (0.107 0.00122 0.117 0.101 0.0932 0.0983 0.0933 0.147 ) 0.409s 
Itt 78 L=0.0944 (0.106 0.000701 0.118 0.1 0.0929 0.0966 0.0926 0.149 ) 0.412s 
Itt 79 L=0.0942 (0.106 0.0001 0.118 0.0995 0.0926 0.0959 0.0922 0.149 ) 0.404s 
Itt 80 L=0.094 (0.106 0.000454 0.117 0.0989 0.0922 0.0955 0.0919 0.149 ) 0.406s 
Itt 81 L=0.0937 (0.106 0.00129 0.116 0.0983 0.0917 0.095 0.0916 0.149 ) 0.394s 
Itt 82 L=0.0931 (0.106 0.00264 0.115 0.0972 0.0905 0.0934 0.0914 0.148 ) 0.415s 
Itt 83 L=0.0928 (0.106 0.00344 0.115 0.0968 0.0897 0.0924 0.0914 0.147 ) 0.799s 
Itt 84 L=0.0923 (0.106 0.00135 0.116 0.0965 0.0889 0.0916 0.0915 0.147 ) 0.391s 
Itt 85 L=0.0918 (0.105 0.000111 0.116 0.0961 0.0881 0.0908 0.0916 0.145 ) 0.411s 
Itt 86 L=0.0916 (0.105 0.000542 0.117 0.0958 0.0879 0.0906 0.0917 0.145 ) 0.393s 
Itt 87 L=0.0915 (0.105 0.00106 0.116 0.0956 0.0878 0.0905 0.0918 0.144 ) 0.415s 
Itt 88 L=0.0912 (0.104 0.00175 0.116 0.0949 0.0877 0.0905 0.0921 0.142 ) 0.405s 
Itt 89 L=0.091 (0.104 0.00206 0.116 0.0945 0.0878 0.0908 0.0924 0.141 ) 0.788s 
Itt 90 L=0.0907 (0.104 0.000706 0.116 0.0941 0.088 0.0914 0.0928 0.139 ) 0.398s 
Itt 91 L=0.0905 (0.104 4.06e-05 0.115 0.0936 0.0882 0.0919 0.093 0.139 ) 0.411s 
Itt 92 L=0.0904 (0.104 0.000324 0.115 0.0934 0.0881 0.092 0.0929 0.138 ) 0.435s 
Itt 93 L=0.0903 (0.104 0.000695 0.114 0.0932 0.088 0.092 0.0928 0.138 ) 0.392s 
Itt 94 L=0.0901 (0.104 0.00165 0.113 0.0927 0.0879 0.0919 0.0924 0.138 ) 0.395s 
Itt 95 L=0.0898 (0.104 0.00241 0.111 0.0922 0.0878 0.0921 0.092 0.137 ) 0.407s 
Itt 96 L=0.0896 (0.104 0.00281 0.108 0.0923 0.0882 0.0928 0.0916 0.137 ) 0.393s 
Itt 97 L=0.0892 (0.104 0.000404 0.108 0.0924 0.0883 0.0927 0.0916 0.136 ) 0.397s 
Itt 98 L=0.0891 (0.104 3.24e-05 0.108 0.0925 0.0884 0.0926 0.0916 0.136 ) 0.394s 
Itt 99 L=0.0891 (0.104 6.71e-05 0.108 0.0926 0.0884 0.0926 0.0916 0.136 ) 0.406s 
Itt 100 L=0.0891 (0.104 0.000146 0.108 0.0926 0.0884 0.0925 0.0915 0.136 ) 0.405s 
Itt 101 L=0.0891 (0.103 0.000421 0.108 0.0926 0.0883 0.0923 0.0914 0.136 ) 0.393s 
Itt 102 L=0.089 (0.103 0.00106 0.108 0.0927 0.0881 0.0918 0.091 0.136 ) 0.412s 
Itt 103 L=0.0887 (0.103 0.00224 0.108 0.093 0.0877 0.0908 0.0901 0.135 ) 0.418s 
Itt 104 L=0.0882 (0.101 0.00311 0.108 0.0937 0.0871 0.0893 0.0885 0.135 ) 0.397s 
Itt 105 L=0.088 (0.101 0.00295 0.108 0.0945 0.0869 0.0886 0.0873 0.135 ) 0.800s 
Itt 106 L=0.0877 (0.1 0.000696 0.108 0.0949 0.0868 0.0884 0.0869 0.135 ) 0.398s 
Itt 107 L=0.0876 (0.1 3.3e-05 0.108 0.095 0.0868 0.0884 0.0868 0.135 ) 0.405s 
Itt 108 L=0.0875 (0.1 4.3e-05 0.108 0.095 0.0869 0.0884 0.0869 0.135 ) 0.402s 
Itt 109 L=0.0875 (0.1 0.000106 0.108 0.095 0.0869 0.0883 0.0869 0.135 ) 0.403s 
Itt 110 L=0.0875 (0.1 0.000263 0.108 0.095 0.0869 0.0882 0.087 0.134 ) 0.421s 
Itt 111 L=0.0874 (0.0998 0.000611 0.108 0.0952 0.0871 0.0879 0.0871 0.134 ) 0.405s 
Itt 112 L=0.0873 (0.0993 0.000973 0.108 0.0957 0.0874 0.0873 0.0872 0.132 ) 0.399s 
Itt 113 L=0.0872 (0.0986 0.00105 0.108 0.0967 0.0881 0.0866 0.0873 0.131 ) 0.395s 
Itt 114 L=0.087 (0.0985 0.000177 0.108 0.0967 0.088 0.0865 0.0871 0.131 ) 0.411s 
Itt 115 L=0.087 (0.0985 4.59e-05 0.108 0.0968 0.0879 0.0865 0.087 0.131 ) 0.411s 
Itt 116 L=0.087 (0.0984 6.07e-05 0.108 0.0969 0.0878 0.0864 0.0869 0.131 ) 0.407s 
Itt 117 L=0.087 (0.0982 0.000108 0.109 0.0971 0.0878 0.0863 0.0866 0.131 ) 0.428s 
Itt 118 L=0.0869 (0.098 0.000176 0.109 0.0975 0.0877 0.0861 0.0863 0.131 ) 0.408s 
Itt 119 L=0.0869 (0.0976 0.000177 0.109 0.0981 0.0876 0.0859 0.0858 0.13 ) 0.407s 
Itt 120 L=0.0868 (0.0972 0.000148 0.109 0.0986 0.0875 0.0858 0.0853 0.13 ) 0.414s 
Itt 121 L=0.0866 (0.0969 0.000225 0.11 0.099 0.0874 0.0858 0.085 0.129 ) 0.397s 
Itt 122 L=0.0864 (0.0964 0.00126 0.109 0.0992 0.0872 0.0856 0.0845 0.128 ) 0.407s 
Itt 123 L=0.0861 (0.0958 0.00306 0.108 0.0991 0.0868 0.0854 0.0841 0.126 ) 0.413s 
Itt 124 L=0.0853 (0.0947 0.00672 0.106 0.0989 0.0858 0.085 0.0831 0.122 ) 0.456s 
Itt 125 L=0.0841 (0.0939 0.00887 0.103 0.0993 0.0844 0.0847 0.0814 0.117 ) 0.407s 
Itt 126 L=0.0837 (0.0937 0.00849 0.103 0.1 0.0838 0.0847 0.0805 0.115 ) 1.188s 
Itt 127 L=0.0827 (0.0943 0.00253 0.102 0.102 0.0831 0.0849 0.0795 0.114 ) 0.439s 
Itt 128 L=0.0824 (0.0944 9.46e-05 0.102 0.102 0.0829 0.085 0.0794 0.114 ) 0.398s 
Itt 129 L=0.0823 (0.0944 2.01e-05 0.102 0.101 0.083 0.0849 0.0795 0.114 ) 0.399s 
Itt 130 L=0.0823 (0.0944 3.54e-05 0.102 0.101 0.0831 0.0848 0.0796 0.114 ) 0.389s 
Itt 131 L=0.0823 (0.0945 0.000141 0.101 0.1 0.0832 0.0846 0.0799 0.114 ) 0.433s 
Itt 132 L=0.0822 (0.0947 0.000311 0.101 0.0993 0.0833 0.0842 0.0803 0.115 ) 0.412s 
Itt 133 L=0.082 (0.0953 0.000389 0.0996 0.0978 0.0834 0.0838 0.0807 0.115 ) 0.428s 
Itt 134 L=0.082 (0.097 0.00187 0.097 0.0943 0.0834 0.0835 0.0816 0.117 ) 0.415s 
Itt 135 L=0.0816 (0.0969 6.29e-05 0.097 0.0949 0.0832 0.0832 0.081 0.117 ) 0.403s 
Itt 136 L=0.0815 (0.0969 0.000136 0.097 0.0954 0.0829 0.083 0.0805 0.116 ) 0.419s 
Itt 137 L=0.0814 (0.0969 0.000515 0.0968 0.0958 0.0825 0.0827 0.08 0.116 ) 0.404s 
Itt 138 L=0.0811 (0.097 0.00109 0.0965 0.0962 0.0818 0.0821 0.0791 0.115 ) 0.408s 
Itt 139 L=0.0808 (0.0971 0.00235 0.096 0.0966 0.0807 0.0809 0.0775 0.115 ) 0.396s 
Itt 140 L=0.0801 (0.0969 0.00162 0.0956 0.0965 0.0796 0.0797 0.0762 0.115 ) 0.401s 
Itt 141 L=0.0782 (0.0943 0.00191 0.0947 0.0948 0.0769 0.0759 0.0733 0.113 ) 0.413s 
Itt 142 L=0.0767 (0.089 0.00666 0.0945 0.0923 0.0746 0.0718 0.0716 0.113 ) 0.416s 
Itt 143 L=0.0754 (0.0869 0.00108 0.0938 0.0904 0.0746 0.0714 0.0722 0.113 ) 0.391s 
Itt 144 L=0.0751 (0.0857 0.00052 0.0932 0.0889 0.075 0.0718 0.0729 0.113 ) 0.436s 
Itt 145 L=0.075 (0.0848 0.000307 0.0927 0.0875 0.0755 0.0725 0.0739 0.112 ) 0.396s 
Itt 146 L=0.0749 (0.0848 0.000162 0.0928 0.0875 0.0755 0.0725 0.0739 0.112 ) 0.401s 
Itt 147 L=0.0749 (0.0848 2.95e-05 0.0928 0.0876 0.0755 0.0724 0.0738 0.112 ) 0.432s 
Itt 148 L=0.0749 (0.0848 2.68e-05 0.0928 0.0877 0.0754 0.0724 0.0737 0.112 ) 0.403s 
Itt 149 L=0.0748 (0.0846 0.000178 0.0929 0.0878 0.0752 0.0722 0.0736 0.112 ) 0.387s 
Itt 150 L=0.0747 (0.0843 0.000729 0.093 0.0879 0.0749 0.0719 0.0732 0.112 ) 0.401s 
Itt 151 L=0.0743 (0.0834 0.00234 0.0931 0.0879 0.0742 0.0713 0.0726 0.11 ) 0.390s 
Itt 152 L=0.0736 (0.0816 0.00515 0.0933 0.0876 0.0729 0.0707 0.0713 0.106 ) 0.401s 
Itt 153 L=0.0724 (0.0789 0.00713 0.0936 0.0866 0.0712 0.0708 0.0698 0.102 ) 0.389s 
Itt 154 L=0.0723 (0.0767 0.0102 0.0941 0.0845 0.0699 0.0737 0.0682 0.101 ) 0.406s 
Itt 155 L=0.071 (0.077 0.0012 0.0935 0.0844 0.0703 0.0729 0.0686 0.101 ) 0.398s 
Itt 156 L=0.0709 (0.0771 0.00014 0.0931 0.084 0.0705 0.0728 0.0688 0.101 ) 0.390s 
Itt 157 L=0.0708 (0.0771 3.25e-05 0.0929 0.0837 0.0706 0.0728 0.0689 0.101 ) 0.395s 
Itt 158 L=0.0708 (0.0771 5.13e-05 0.0928 0.0836 0.0706 0.0729 0.0689 0.101 ) 0.402s 
Itt 159 L=0.0708 (0.0771 0.000164 0.0926 0.0832 0.0707 0.0729 0.0689 0.101 ) 0.392s 
Itt 160 L=0.0707 (0.0772 0.000341 0.0921 0.0826 0.0709 0.073 0.069 0.101 ) 0.413s 
Itt 161 L=0.0706 (0.0773 0.0005 0.0913 0.0814 0.0711 0.0729 0.0692 0.101 ) 0.407s 
Itt 162 L=0.0705 (0.0776 0.000806 0.0904 0.0801 0.0713 0.0728 0.0695 0.101 ) 0.411s 
Itt 163 L=0.0703 (0.0776 0.000401 0.0901 0.0797 0.0713 0.0726 0.0695 0.101 ) 0.395s 
Itt 164 L=0.07 (0.0774 0.00118 0.0894 0.0792 0.0709 0.072 0.0693 0.101 ) 0.399s 
Itt 165 L=0.0697 (0.0772 0.00267 0.0887 0.0786 0.0704 0.0714 0.0689 0.0998 ) 0.411s 
Itt 166 L=0.0689 (0.0766 0.00664 0.0867 0.0766 0.0689 0.0698 0.068 0.0983 ) 0.409s 
Itt 167 L=0.0675 (0.076 0.011 0.0835 0.0733 0.0665 0.0673 0.0666 0.0962 ) 0.407s 
Itt 168 L=0.0662 (0.0766 0.0125 0.0816 0.0702 0.0637 0.065 0.0654 0.0947 ) 0.396s 
Itt 169 L=0.0651 (0.0775 0.0036 0.0826 0.0696 0.0627 0.0649 0.0654 0.0946 ) 0.404s 
Itt 170 L=0.0646 (0.0768 0.000426 0.0821 0.0697 0.0632 0.0648 0.0655 0.0945 ) 0.414s 
Itt 171 L=0.0646 (0.0769 1.92e-05 0.0819 0.0697 0.0632 0.0648 0.0654 0.0945 ) 0.398s 
Itt 172 L=0.0645 (0.0768 1.34e-05 0.0819 0.0697 0.0632 0.0648 0.0654 0.0944 ) 0.402s 
Itt 173 L=0.0645 (0.0768 0.000139 0.0818 0.0697 0.0633 0.0649 0.0655 0.0939 ) 0.401s 
Itt 174 L=0.0644 (0.0767 0.000322 0.0817 0.0696 0.0633 0.0651 0.0656 0.093 ) 0.399s 
Itt 175 L=0.0643 (0.0767 0.000376 0.0815 0.0694 0.0635 0.0656 0.0659 0.0917 ) 0.408s 
Itt 176 L=0.0643 (0.0766 0.000231 0.0814 0.0694 0.0636 0.0659 0.0661 0.0912 ) 0.787s 
Itt 177 L=0.0643 (0.0766 2.91e-05 0.0814 0.0694 0.0636 0.0659 0.0661 0.0912 ) 0.402s 
Itt 178 L=0.0643 (0.0766 1.16e-05 0.0815 0.0694 0.0636 0.0658 0.0661 0.0912 ) 0.402s 
Itt 179 L=0.0643 (0.0765 1.76e-05 0.0815 0.0694 0.0636 0.0658 0.0661 0.0912 ) 0.401s 
Itt 180 L=0.0643 (0.0765 4.44e-05 0.0816 0.0694 0.0636 0.0658 0.0661 0.0911 ) 0.427s 
Itt 181 L=0.0642 (0.0763 7.13e-05 0.0817 0.0693 0.0636 0.0658 0.0662 0.091 ) 0.400s 
Itt 182 L=0.0642 (0.0761 7.34e-05 0.0819 0.0693 0.0637 0.0658 0.0663 0.0907 ) 0.406s 
Itt 183 L=0.0642 (0.076 1.88e-05 0.0819 0.0693 0.0637 0.0658 0.0664 0.0906 ) 0.389s 
Itt 184 L=0.0642 (0.076 2.68e-05 0.0819 0.0693 0.0637 0.0658 0.0664 0.0906 ) 0.407s 
Itt 185 L=0.0642 (0.076 6.94e-05 0.0818 0.0693 0.0637 0.0658 0.0664 0.0906 ) 0.408s 
Itt 186 L=0.0642 (0.076 0.000149 0.0817 0.0693 0.0637 0.0657 0.0663 0.0905 ) 0.419s 
Itt 187 L=0.0641 (0.076 0.000394 0.0815 0.0692 0.0637 0.0656 0.0663 0.0904 ) 0.390s 
Itt 188 L=0.064 (0.0759 0.000797 0.0811 0.0691 0.0638 0.0654 0.0661 0.09 ) 0.437s 
Itt 189 L=0.0639 (0.0757 0.00112 0.0805 0.0692 0.0641 0.065 0.0659 0.0895 ) 0.432s 
Itt 190 L=0.0638 (0.0755 0.00091 0.0801 0.0697 0.0645 0.0647 0.0657 0.0892 ) 0.405s 
Itt 191 L=0.0637 (0.0754 0.000128 0.0802 0.0695 0.0645 0.0647 0.0657 0.0891 ) 0.393s 
Itt 192 L=0.0637 (0.0754 1.7e-05 0.0803 0.0695 0.0645 0.0648 0.0658 0.0891 ) 0.426s 
Itt 193 L=0.0637 (0.0753 2.45e-05 0.0803 0.0695 0.0645 0.0647 0.0658 0.0891 ) 0.388s 
Itt 194 L=0.0636 (0.0753 5.05e-05 0.0803 0.0694 0.0645 0.0647 0.0658 0.0891 ) 0.391s 
Itt 195 L=0.0636 (0.0752 0.000109 0.0804 0.0694 0.0645 0.0647 0.0657 0.089 ) 0.418s 
Itt 196 L=0.0636 (0.075 0.00018 0.0804 0.0694 0.0645 0.0646 0.0657 0.0889 ) 0.394s 
Itt 197 L=0.0636 (0.0748 0.000254 0.0806 0.0694 0.0646 0.0646 0.0656 0.0888 ) 0.391s 
Itt 198 L=0.0636 (0.0748 4.92e-05 0.0806 0.0694 0.0646 0.0646 0.0656 0.0888 ) 0.399s 
Itt 199 L=0.0635 (0.0748 1.82e-05 0.0805 0.0694 0.0646 0.0645 0.0656 0.0888 ) 0.427s 
Itt 200 L=0.0635 (0.0748 3.16e-05 0.0805 0.0694 0.0646 0.0645 0.0656 0.0888 ) 0.408s 
Itt 201 L=0.0635 (0.0748 6.31e-05 0.0805 0.0694 0.0646 0.0645 0.0655 0.0888 ) 0.383s 
Itt 202 L=0.0635 (0.0748 0.00014 0.0804 0.0695 0.0645 0.0645 0.0654 0.0889 ) 0.428s 
Itt 203 L=0.0635 (0.0748 0.000206 0.0803 0.0696 0.0644 0.0644 0.0651 0.089 ) 0.401s 
Itt 204 L=0.0635 (0.0748 0.000179 0.0802 0.0699 0.0643 0.0644 0.0648 0.0891 ) 0.415s 
Itt 205 L=0.0634 (0.0748 3.95e-05 0.0801 0.07 0.0643 0.0644 0.0647 0.0891 ) 0.419s 
Itt 206 L=0.0634 (0.0748 1.1e-05 0.0801 0.0699 0.0643 0.0644 0.0648 0.0891 ) 0.391s 
Itt 207 L=0.0634 (0.0748 1.35e-05 0.0801 0.0699 0.0643 0.0644 0.0648 0.0891 ) 0.400s 
Itt 208 L=0.0634 (0.0748 2.45e-05 0.0801 0.0699 0.0643 0.0644 0.0648 0.0891 ) 0.411s 
Itt 209 L=0.0634 (0.0748 7.36e-05 0.0801 0.0698 0.0643 0.0643 0.0648 0.089 ) 0.401s 
Itt 210 L=0.0634 (0.0748 0.000217 0.0801 0.0697 0.0642 0.0643 0.0648 0.089 ) 0.403s 
Itt 211 L=0.0633 (0.0747 0.000534 0.0801 0.0694 0.064 0.0641 0.0647 0.089 ) 0.428s 
Itt 212 L=0.0632 (0.0746 0.000851 0.0802 0.0689 0.0635 0.0638 0.0645 0.0893 ) 0.414s 
Itt 213 L=0.0631 (0.0747 0.00119 0.0804 0.0685 0.0628 0.0633 0.0641 0.0902 ) 0.411s 
Itt 214 L=0.063 (0.0747 0.000249 0.0803 0.0685 0.0627 0.0633 0.064 0.0903 ) 0.400s 
Itt 215 L=0.063 (0.0747 3.28e-05 0.0803 0.0685 0.0627 0.0633 0.064 0.0903 ) 0.395s 
Itt 216 L=0.063 (0.0747 1.62e-05 0.0803 0.0685 0.0627 0.0633 0.064 0.0903 ) 0.395s 
Itt 217 L=0.063 (0.0747 3.68e-05 0.0803 0.0685 0.0627 0.0633 0.064 0.0903 ) 0.396s 
Itt 218 L=0.063 (0.0747 0.000103 0.0803 0.0685 0.0627 0.0633 0.064 0.0902 ) 0.389s 
Itt 219 L=0.0629 (0.0746 0.00023 0.0803 0.0684 0.0627 0.0632 0.0641 0.0899 ) 0.386s 
Itt 220 L=0.0629 (0.0744 0.00036 0.0805 0.0683 0.0627 0.0632 0.0643 0.0894 ) 0.400s 
Itt 221 L=0.0628 (0.0742 0.000452 0.0807 0.0682 0.0627 0.0632 0.0646 0.0886 ) 0.389s 
Itt 222 L=0.0627 (0.0741 0.000281 0.0807 0.0681 0.0627 0.0632 0.0647 0.0881 ) 0.420s 
Itt 223 L=0.0626 (0.0739 0.00044 0.0806 0.068 0.0625 0.0631 0.0647 0.0876 ) 0.388s 
Itt 224 L=0.0625 (0.0737 0.000997 0.0804 0.0678 0.0623 0.063 0.0645 0.087 ) 0.417s 
Itt 225 L=0.0621 (0.0733 0.00268 0.0797 0.0672 0.0617 0.0625 0.064 0.0855 ) 0.393s 
Itt 226 L=0.0614 (0.0728 0.00496 0.0784 0.0662 0.0606 0.0618 0.0631 0.0831 ) 0.403s 
Itt 227 L=0.0606 (0.073 0.00574 0.0769 0.0651 0.0596 0.0613 0.062 0.0814 ) 0.401s 
Itt 228 L=0.0602 (0.0733 0.00329 0.0765 0.0645 0.0593 0.0618 0.0619 0.0811 ) 0.803s 
Itt 229 L=0.0599 (0.0734 0.000539 0.0764 0.0645 0.0593 0.0617 0.0619 0.0811 ) 0.446s 
Itt 230 L=0.0598 (0.0734 9.97e-06 0.0764 0.0647 0.0593 0.0615 0.0619 0.0812 ) 0.408s 
Itt 231 L=0.0598 (0.0734 9.8e-06 0.0764 0.0647 0.0593 0.0615 0.0618 0.0812 ) 0.443s 
Itt 232 L=0.0598 (0.0734 4.36e-05 0.0764 0.0647 0.0593 0.0614 0.0618 0.0812 ) 0.417s 
Itt 233 L=0.0598 (0.0735 0.000101 0.0763 0.0647 0.0593 0.0613 0.0617 0.0813 ) 0.414s 
Itt 234 L=0.0597 (0.0736 0.000282 0.076 0.0648 0.0593 0.0608 0.0615 0.0814 ) 0.389s 
Itt 235 L=0.0597 (0.0738 0.00038 0.0757 0.0651 0.0592 0.0602 0.0612 0.0817 ) 0.404s 
Itt 236 L=0.0596 (0.0739 0.000195 0.0755 0.0654 0.0592 0.0597 0.0609 0.0819 ) 0.395s 
Itt 237 L=0.0595 (0.0739 0.000122 0.0753 0.0655 0.0592 0.0594 0.0607 0.0819 ) 0.411s 
Itt 238 L=0.0595 (0.0739 0.000224 0.0751 0.0654 0.0591 0.0593 0.0607 0.0819 ) 0.405s 
Itt 239 L=0.0594 (0.0739 0.000353 0.0749 0.0652 0.0591 0.0593 0.0607 0.082 ) 0.392s 
Itt 240 L=0.0594 (0.0739 0.000405 0.0746 0.0648 0.059 0.0592 0.0606 0.0823 ) 0.397s 
Itt 241 L=0.0593 (0.074 0.000312 0.0744 0.0647 0.059 0.059 0.0605 0.0827 ) 0.789s 
Itt 242 L=0.0593 (0.074 8.09e-05 0.0742 0.0647 0.0589 0.0589 0.0605 0.0829 ) 0.392s 
Itt 243 L=0.0592 (0.0739 2.89e-05 0.0741 0.0647 0.0589 0.0588 0.0604 0.083 ) 0.422s 
Itt 244 L=0.0592 (0.0739 8.47e-05 0.0741 0.0647 0.0589 0.0587 0.0604 0.083 ) 0.416s 
Itt 245 L=0.0591 (0.0735 0.000368 0.074 0.0647 0.0589 0.0584 0.0603 0.0829 ) 0.402s 
Itt 246 L=0.059 (0.0729 0.000669 0.0739 0.0647 0.059 0.0582 0.0602 0.0828 ) 0.410s 
Itt 247 L=0.0589 (0.0721 0.000861 0.0738 0.0646 0.0592 0.0579 0.0603 0.0828 ) 0.413s 
Itt 248 L=0.0588 (0.0719 0.000164 0.0738 0.0646 0.0592 0.0579 0.0603 0.0829 ) 0.391s 
Itt 249 L=0.0588 (0.0719 1.69e-05 0.0738 0.0645 0.0592 0.0579 0.0603 0.0828 ) 0.412s 
Itt 250 L=0.0588 (0.0719 1.21e-05 0.0738 0.0645 0.0592 0.058 0.0603 0.0828 ) 0.401s 
Itt 251 L=0.0588 (0.0719 2.14e-05 0.0738 0.0645 0.0592 0.058 0.0603 0.0828 ) 0.399s 
Itt 252 L=0.0588 (0.0719 7.2e-05 0.0738 0.0644 0.0591 0.0579 0.0603 0.0828 ) 0.395s 
Itt 253 L=0.0588 (0.0719 0.000214 0.0738 0.0643 0.059 0.0579 0.0603 0.0828 ) 0.399s 
Itt 254 L=0.0587 (0.0718 0.000615 0.0736 0.064 0.0588 0.0577 0.0602 0.0829 ) 0.414s 
Itt 255 L=0.0585 (0.0715 0.00124 0.0733 0.0633 0.0584 0.0573 0.06 0.0832 ) 0.402s 
Itt 256 L=0.0583 (0.071 0.0017 0.0729 0.0623 0.0577 0.0567 0.0597 0.0844 ) 0.404s 
Itt 257 L=0.0581 (0.0706 0.00114 0.0726 0.0613 0.0571 0.0561 0.0595 0.0866 ) 0.402s 
Itt 258 L=0.058 (0.0706 0.000144 0.0726 0.0614 0.0571 0.056 0.0595 0.0864 ) 0.466s 
Itt 259 L=0.0579 (0.0705 3.97e-05 0.0725 0.0615 0.0572 0.0559 0.0594 0.0862 ) 0.407s 
Itt 260 L=0.0579 (0.0705 7.44e-05 0.0725 0.0615 0.0572 0.0559 0.0594 0.0862 ) 0.413s 
Itt 261 L=0.0579 (0.0704 0.000228 0.0724 0.0616 0.0572 0.0557 0.0593 0.0862 ) 0.416s 
Itt 262 L=0.0578 (0.0702 0.000467 0.0722 0.0617 0.0572 0.0554 0.0592 0.0862 ) 0.422s 
Itt 263 L=0.0577 (0.0698 0.000747 0.0717 0.062 0.0573 0.0547 0.0589 0.0865 ) 0.400s 
Itt 264 L=0.0576 (0.0694 0.000786 0.0714 0.0622 0.0574 0.0542 0.0586 0.0869 ) 0.810s 
Itt 265 L=0.0575 (0.0692 0.00018 0.0712 0.0623 0.0575 0.0539 0.0585 0.0873 ) 0.411s 
Itt 266 L=0.0575 (0.0691 1.2e-05 0.0712 0.0623 0.0575 0.0538 0.0584 0.0876 ) 0.452s 
Itt 267 L=0.0575 (0.0691 2.45e-05 0.0712 0.0623 0.0575 0.0538 0.0584 0.0876 ) 0.408s 
Itt 268 L=0.0575 (0.0691 8.52e-05 0.0712 0.0622 0.0574 0.0538 0.0584 0.0875 ) 0.400s 
Itt 269 L=0.0574 (0.0691 0.000245 0.0712 0.0622 0.0574 0.0538 0.0584 0.0872 ) 0.406s 
Itt 270 L=0.0573 (0.069 0.000712 0.0712 0.0621 0.0573 0.0539 0.0584 0.0862 ) 0.410s 
Itt 271 L=0.0572 (0.0688 0.00174 0.0712 0.062 0.0571 0.054 0.0583 0.0841 ) 0.398s 
Itt 272 L=0.0568 (0.0682 0.00325 0.0711 0.0621 0.0569 0.054 0.058 0.0805 ) 0.505s 
Itt 273 L=0.0563 (0.067 0.00525 0.0709 0.0622 0.0567 0.0541 0.0574 0.0765 ) 0.403s 
Itt 274 L=0.0557 (0.0662 0.00282 0.0709 0.0624 0.0567 0.0545 0.057 0.0749 ) 0.401s 
Itt 275 L=0.0553 (0.0656 0.000602 0.0708 0.0624 0.0568 0.0546 0.0568 0.0745 ) 0.405s 
Itt 276 L=0.055 (0.065 0.000179 0.0705 0.0622 0.0568 0.0543 0.0565 0.0742 ) 0.397s 
Itt 277 L=0.0547 (0.0644 0.000437 0.0702 0.0618 0.0565 0.0537 0.0563 0.0739 ) 0.391s 
Itt 278 L=0.0542 (0.0636 0.00114 0.0698 0.0611 0.0557 0.0522 0.0561 0.0737 ) 0.399s 
Itt 279 L=0.0538 (0.0627 0.00442 0.0696 0.0604 0.0538 0.0498 0.0562 0.0738 ) 0.411s 
Itt 280 L=0.0533 (0.0627 0.000705 0.0696 0.0606 0.0533 0.0494 0.0562 0.0737 ) 0.397s 
Itt 281 L=0.0531 (0.0628 6.91e-05 0.0695 0.0607 0.0531 0.0495 0.0561 0.0734 ) 0.404s 
Itt 282 L=0.0531 (0.0628 9.28e-06 0.0695 0.0608 0.053 0.0495 0.056 0.0734 ) 0.383s 
Itt 283 L=0.0531 (0.0628 9.1e-06 0.0695 0.0608 0.0529 0.0495 0.056 0.0734 ) 0.422s 
Itt 284 L=0.0531 (0.0628 1.65e-05 0.0695 0.0608 0.0529 0.0495 0.056 0.0734 ) 0.418s 
Itt 285 L=0.0531 (0.0628 4.49e-05 0.0695 0.0609 0.0528 0.0495 0.056 0.0734 ) 0.397s 
Itt 286 L=0.0531 (0.0628 9.76e-05 0.0695 0.061 0.0527 0.0495 0.0558 0.0734 ) 0.415s 
Itt 287 L=0.0531 (0.0627 0.000167 0.0694 0.061 0.0526 0.0494 0.0556 0.0736 ) 0.400s 
Itt 288 L=0.053 (0.0624 0.000248 0.0693 0.0609 0.0524 0.0493 0.0553 0.0742 ) 0.394s 
Itt 289 L=0.053 (0.0622 0.000145 0.0692 0.0607 0.0524 0.0493 0.0551 0.0747 ) 0.392s 
Itt 290 L=0.0529 (0.0622 2.6e-05 0.0693 0.0606 0.0525 0.0493 0.0551 0.0746 ) 0.402s 
Itt 291 L=0.0529 (0.0622 1.23e-05 0.0693 0.0605 0.0526 0.0493 0.0552 0.0744 ) 0.411s 
Itt 292 L=0.0529 (0.0622 2.41e-05 0.0693 0.0605 0.0527 0.0494 0.0552 0.0743 ) 0.395s 
Itt 293 L=0.0529 (0.0622 8.11e-05 0.0692 0.0603 0.0528 0.0495 0.0551 0.0741 ) 0.401s 
Itt 294 L=0.0529 (0.0621 0.000144 0.0691 0.0601 0.0529 0.0497 0.055 0.0737 ) 0.420s 
Itt 295 L=0.0528 (0.0622 0.000508 0.069 0.0598 0.0531 0.0503 0.0546 0.073 ) 0.410s 
Itt 296 L=0.0527 (0.0622 9.96e-05 0.0689 0.0598 0.053 0.0504 0.0544 0.073 ) 0.416s 
Itt 297 L=0.0527 (0.0622 2.63e-05 0.0689 0.0598 0.0528 0.0503 0.0544 0.0731 ) 0.399s 
Itt 298 L=0.0527 (0.0622 7.25e-05 0.0688 0.0597 0.0526 0.0503 0.0543 0.0733 ) 0.401s 
Itt 299 L=0.0526 (0.0622 0.000124 0.0688 0.0597 0.0525 0.0502 0.0542 0.0733 ) 0.405s 
Itt 300 L=0.0526 (0.0623 0.000257 0.0687 0.0597 0.0523 0.0501 0.0542 0.0731 ) 0.393s 
Work with MPI
 Run on GPU CPU:0
Computation Done
Work with MPI
 Run on GPU CPU:0
Computation Done
Work with MPI
 Run on GPU CPU:0
Computation Done
Work with MPI
 Run on GPU CPU:0
Computation Done
Work with MPI
 Run on GPU CPU:0
Computation Done
Computation Done
Work with MPI
 Run on GPU CPU:0
Computation Done
